Traceback (most recent call last):
  File "/Users/poneil/miniconda3/lib/python3.9/site-packages/jupyter_cache/executors/utils.py", line 58, in single_nb_execution
    executenb(
  File "/Users/poneil/miniconda3/lib/python3.9/site-packages/nbclient/client.py", line 1204, in execute
    return NotebookClient(nb=nb, resources=resources, km=km, **kwargs).execute()
  File "/Users/poneil/miniconda3/lib/python3.9/site-packages/nbclient/util.py", line 84, in wrapped
    return just_run(coro(*args, **kwargs))
  File "/Users/poneil/miniconda3/lib/python3.9/site-packages/nbclient/util.py", line 62, in just_run
    return loop.run_until_complete(coro)
  File "/Users/poneil/miniconda3/lib/python3.9/asyncio/base_events.py", line 647, in run_until_complete
    return future.result()
  File "/Users/poneil/miniconda3/lib/python3.9/site-packages/nbclient/client.py", line 663, in async_execute
    await self.async_execute_cell(
  File "/Users/poneil/miniconda3/lib/python3.9/site-packages/nbclient/client.py", line 965, in async_execute_cell
    await self._check_raise_for_error(cell, cell_index, exec_reply)
  File "/Users/poneil/miniconda3/lib/python3.9/site-packages/nbclient/client.py", line 862, in _check_raise_for_error
    raise CellExecutionError.from_cell_and_msg(cell, exec_reply_content)
nbclient.exceptions.CellExecutionError: An error occurred while executing the following cell:
------------------
detection.save_to_pickle(filename='../results/gc_mini_trace_results.pickle', 
                         include_prediction=False, 
                         include_data=False)
------------------

[0;31m---------------------------------------------------------------------------[0m
[0;31mFileNotFoundError[0m                         Traceback (most recent call last)
Input [0;32mIn [7][0m, in [0;36m<cell line: 1>[0;34m()[0m
[0;32m----> 1[0m [43mdetection[49m[38;5;241;43m.[39;49m[43msave_to_pickle[49m[43m([49m[43mfilename[49m[38;5;241;43m=[39;49m[38;5;124;43m'[39;49m[38;5;124;43m../results/gc_mini_trace_results.pickle[39;49m[38;5;124;43m'[39;49m[43m,[49m[43m [49m
[1;32m      2[0m [43m                         [49m[43minclude_prediction[49m[38;5;241;43m=[39;49m[38;5;28;43;01mFalse[39;49;00m[43m,[49m[43m [49m
[1;32m      3[0m [43m                         [49m[43minclude_data[49m[38;5;241;43m=[39;49m[38;5;28;43;01mFalse[39;49;00m[43m)[49m

File [0;32m~/Desktop/test/current/miniML/docs/general/../../core/miniML.py:1336[0m, in [0;36mEventDetection.save_to_pickle[0;34m(self, filename, include_prediction, include_data)[0m
[1;32m   1333[0m [38;5;28;01mif[39;00m include_data:
[1;32m   1334[0m     results[[38;5;124m'[39m[38;5;124mmini_trace[39m[38;5;124m'[39m][38;5;241m=[39m[38;5;28mself[39m[38;5;241m.[39mtrace[38;5;241m.[39mdata
[0;32m-> 1336[0m [38;5;28;01mwith[39;00m [38;5;28;43mopen[39;49m[43m([49m[43mfilename[49m[43m,[49m[43m [49m[38;5;124;43m'[39;49m[38;5;124;43mwb[39;49m[38;5;124;43m'[39;49m[43m)[49m [38;5;28;01mas[39;00m handle:
[1;32m   1337[0m     pkl[38;5;241m.[39mdump(results, handle)
[1;32m   1338[0m [38;5;28mprint[39m([38;5;124mf[39m[38;5;124m'[39m[38;5;124mevents saved to [39m[38;5;132;01m{[39;00mfilename[38;5;132;01m}[39;00m[38;5;124m'[39m)

[0;31mFileNotFoundError[0m: [Errno 2] No such file or directory: '../results/gc_mini_trace_results.pickle'
FileNotFoundError: [Errno 2] No such file or directory: '../results/gc_mini_trace_results.pickle'

