Traceback (most recent call last):
  File "/Users/poneil/miniconda3/lib/python3.9/site-packages/jupyter_cache/executors/utils.py", line 58, in single_nb_execution
    executenb(
  File "/Users/poneil/miniconda3/lib/python3.9/site-packages/nbclient/client.py", line 1204, in execute
    return NotebookClient(nb=nb, resources=resources, km=km, **kwargs).execute()
  File "/Users/poneil/miniconda3/lib/python3.9/site-packages/nbclient/util.py", line 84, in wrapped
    return just_run(coro(*args, **kwargs))
  File "/Users/poneil/miniconda3/lib/python3.9/site-packages/nbclient/util.py", line 62, in just_run
    return loop.run_until_complete(coro)
  File "/Users/poneil/miniconda3/lib/python3.9/asyncio/base_events.py", line 647, in run_until_complete
    return future.result()
  File "/Users/poneil/miniconda3/lib/python3.9/site-packages/nbclient/client.py", line 663, in async_execute
    await self.async_execute_cell(
  File "/Users/poneil/miniconda3/lib/python3.9/site-packages/nbclient/client.py", line 965, in async_execute_cell
    await self._check_raise_for_error(cell, cell_index, exec_reply)
  File "/Users/poneil/miniconda3/lib/python3.9/site-packages/nbclient/client.py", line 862, in _check_raise_for_error
    raise CellExecutionError.from_cell_and_msg(cell, exec_reply_content)
nbclient.exceptions.CellExecutionError: An error occurred while executing the following cell:
------------------
import requests

file_url = 'https://zenodo.org/records/14507343/files/1_GC_mepsc_train.h5'

response = requests.get(file_url)

if response.status_code == 200:
    with open('../_data/GC_mEPSC_training_data.h5', 'wb') as file:
        file.write(response.content)
    print('Downloaded GC_mEPSC_training_data.h5')
------------------

[0;31m---------------------------------------------------------------------------[0m
[0;31mFileNotFoundError[0m                         Traceback (most recent call last)
Input [0;32mIn [1][0m, in [0;36m<cell line: 7>[0;34m()[0m
[1;32m      5[0m response [38;5;241m=[39m requests[38;5;241m.[39mget(file_url)
[1;32m      7[0m [38;5;28;01mif[39;00m response[38;5;241m.[39mstatus_code [38;5;241m==[39m [38;5;241m200[39m:
[0;32m----> 8[0m     [38;5;28;01mwith[39;00m [38;5;28;43mopen[39;49m[43m([49m[38;5;124;43m'[39;49m[38;5;124;43m../_data/GC_mEPSC_training_data.h5[39;49m[38;5;124;43m'[39;49m[43m,[49m[43m [49m[38;5;124;43m'[39;49m[38;5;124;43mwb[39;49m[38;5;124;43m'[39;49m[43m)[49m [38;5;28;01mas[39;00m file:
[1;32m      9[0m         file[38;5;241m.[39mwrite(response[38;5;241m.[39mcontent)
[1;32m     10[0m     [38;5;28mprint[39m([38;5;124m'[39m[38;5;124mDownloaded GC_mEPSC_training_data.h5[39m[38;5;124m'[39m)

[0;31mFileNotFoundError[0m: [Errno 2] No such file or directory: '../_data/GC_mEPSC_training_data.h5'
FileNotFoundError: [Errno 2] No such file or directory: '../_data/GC_mEPSC_training_data.h5'

